{"C:\\Users\\user\\Documents\\dodev\\criando-base-solida\\pratica\\script.js": {"path":"C:\\Users\\user\\Documents\\dodev\\criando-base-solida\\pratica\\script.js","statementMap":{"0":{"start":{"line":5,"column":3},"end":{"line":12,"column":4}},"1":{"start":{"line":6,"column":6},"end":{"line":8,"column":7}},"2":{"start":{"line":7,"column":9},"end":{"line":7,"column":30}},"3":{"start":{"line":9,"column":6},"end":{"line":11,"column":7}},"4":{"start":{"line":10,"column":9},"end":{"line":10,"column":29}},"5":{"start":{"line":13,"column":3},"end":{"line":13,"column":14}},"6":{"start":{"line":16,"column":0},"end":{"line":16,"column":27}}},"fnMap":{"0":{"name":"consumo","decl":{"start":{"line":3,"column":9},"end":{"line":3,"column":16}},"loc":{"start":{"line":3,"column":33},"end":{"line":14,"column":1}},"line":3}},"branchMap":{"0":{"loc":{"start":{"line":5,"column":3},"end":{"line":12,"column":4}},"type":"if","locations":[{"start":{"line":5,"column":3},"end":{"line":12,"column":4}},{"start":{},"end":{}}],"line":5},"1":{"loc":{"start":{"line":6,"column":6},"end":{"line":8,"column":7}},"type":"if","locations":[{"start":{"line":6,"column":6},"end":{"line":8,"column":7}},{"start":{},"end":{}}],"line":6},"2":{"loc":{"start":{"line":9,"column":6},"end":{"line":11,"column":7}},"type":"if","locations":[{"start":{"line":9,"column":6},"end":{"line":11,"column":7}},{"start":{},"end":{}}],"line":9}},"s":{"0":4,"1":2,"2":1,"3":1,"4":1,"5":2,"6":1},"f":{"0":4},"b":{"0":[2,2],"1":[1,1],"2":[1,0]},"_coverageSchema":"1a1c01bbd47fc00a2c39e90264f33305004495a9","hash":"cc4edaa47315dd97f5ef23cfa68e614ce590c129"}
}
